<?xml version="1.0" encoding="UTF-8"?>
<!-- Generated by org.testng.reporters.JUnitReportReporter -->
<testsuite hostname="RIM" failures="0" tests="1" name="testCases.FileUploadDemo2" time="7.716" errors="0" timestamp="5 Jul 2022 22:26:57 GMT">
  <testcase classname="testCases.FileUploadDemo2" name="robotTest" time="7.716"/>
</testsuite> <!-- testCases.FileUploadDemo2 -->
